<?xml version="1.0" encoding="UTF-8"?>
<testsuite xmlns:xsi="http://www.w3.org/2001/XMLSchema-instance" xsi:noNamespaceSchemaLocation="https://maven.apache.org/surefire/maven-surefire-plugin/xsd/surefire-test-report.xsd" name="LoginTest" time="47.17" tests="8" errors="2" skipped="0" failures="0">
  <properties>
[...]
</properties>
  <testcase name="loginWithPersonalAreaButton" classname="LoginTest" time="5.305">
    <error message="element click intercepted: Element &lt;p class=&quot;AppHeader_header__linkText__3q_va ml-2&quot;&gt;...&lt;/p&gt; is not clickable at point (1312, 44). Other element would receive the click: &lt;div class=&quot;Modal_modal_overlay__x2ZCr&quot;&gt;&lt;/div&gt;&#10;  (Session info: chrome=119.0.6045.106)&#10;Build info: version: &apos;4.11.0&apos;, revision: &apos;040bc5406b&apos;&#10;System info: os.name: &apos;Windows 11&apos;, os.arch: &apos;amd64&apos;, os.version: &apos;10.0&apos;, java.version: &apos;11.0.19&apos;&#10;Driver info: org.openqa.selenium.chrome.ChromeDriver&#10;Command: [d7b5dc3934ae15f529fc6201ebac6c4e, clickElement {id=99F1640CC4370934F7F396877D50E5C8_element_12}]&#10;Capabilities {acceptInsecureCerts: false, browserName: chrome, browserVersion: 119.0.6045.106, chrome: {chromedriverVersion: 119.0.6045.105 (38c72552c5e..., userDataDir: C:\Users\luvd8\AppData\Loca...}, fedcm:accounts: true, goog:chromeOptions: {debuggerAddress: localhost:19091}, networkConnectionEnabled: false, pageLoadStrategy: normal, platformName: windows, proxy: Proxy(), se:cdp: ws://localhost:19091/devtoo..., se:cdpVersion: 119.0.6045.106, setWindowRect: true, strictFileInteractability: false, timeouts: {implicit: 0, pageLoad: 300000, script: 30000}, unhandledPromptBehavior: dismiss and notify, webauthn:extension:credBlob: true, webauthn:extension:largeBlob: true, webauthn:extension:minPinLength: true, webauthn:extension:prf: true, webauthn:virtualAuthenticators: true}&#10;Element: [[ChromeDriver: chrome on windows (d7b5dc3934ae15f529fc6201ebac6c4e)] -&gt; xpath: .//a[@class=&apos;AppHeader_header__link__3D_hX&apos;]/p[text()= &apos;Личный Кабинет&apos;]]&#10;Session ID: d7b5dc3934ae15f529fc6201ebac6c4e" type="org.openqa.selenium.ElementClickInterceptedException"><![CDATA[org.openqa.selenium.ElementClickInterceptedException: 
element click intercepted: Element <p class="AppHeader_header__linkText__3q_va ml-2">...</p> is not clickable at point (1312, 44). Other element would receive the click: <div class="Modal_modal_overlay__x2ZCr"></div>
  (Session info: chrome=119.0.6045.106)
Build info: version: '4.11.0', revision: '040bc5406b'
System info: os.name: 'Windows 11', os.arch: 'amd64', os.version: '10.0', java.version: '11.0.19'
Driver info: org.openqa.selenium.chrome.ChromeDriver
Command: [d7b5dc3934ae15f529fc6201ebac6c4e, clickElement {id=99F1640CC4370934F7F396877D50E5C8_element_12}]
Capabilities {acceptInsecureCerts: false, browserName: chrome, browserVersion: 119.0.6045.106, chrome: {chromedriverVersion: 119.0.6045.105 (38c72552c5e..., userDataDir: C:\Users\luvd8\AppData\Loca...}, fedcm:accounts: true, goog:chromeOptions: {debuggerAddress: localhost:19091}, networkConnectionEnabled: false, pageLoadStrategy: normal, platformName: windows, proxy: Proxy(), se:cdp: ws://localhost:19091/devtoo..., se:cdpVersion: 119.0.6045.106, setWindowRect: true, strictFileInteractability: false, timeouts: {implicit: 0, pageLoad: 300000, script: 30000}, unhandledPromptBehavior: dismiss and notify, webauthn:extension:credBlob: true, webauthn:extension:largeBlob: true, webauthn:extension:minPinLength: true, webauthn:extension:prf: true, webauthn:virtualAuthenticators: true}
Element: [[ChromeDriver: chrome on windows (d7b5dc3934ae15f529fc6201ebac6c4e)] -> xpath: .//a[@class='AppHeader_header__link__3D_hX']/p[text()= 'Личный Кабинет']]
Session ID: d7b5dc3934ae15f529fc6201ebac6c4e
	at LoginTest.loginWithPersonalAreaButton(LoginTest.java:27)
]]></error>
    <system-err><![CDATA[нояб. 05, 2023 9:56:07 PM org.openqa.selenium.devtools.CdpVersionFinder findNearestMatch
WARNING: Unable to find an exact match for CDP version 119, so returning the closest version found: 115
]]></system-err>
  </testcase>
  <testcase name="loginInRegistrationForm" classname="LoginTest" time="4.868"/>
  <testcase name="goToConstructor" classname="LoginTest" time="3.6"/>
  <testcase name="goToPersonalAccount" classname="LoginTest" time="4.509"/>
  <testcase name="loginInRestorePasswordButton" classname="LoginTest" time="7.999"/>
  <testcase name="exit" classname="LoginTest" time="6.957"/>
  <testcase name="goToStellarBurger" classname="LoginTest" time="5.732">
    <error message="element click intercepted: Element &lt;p class=&quot;AppHeader_header__linkText__3q_va ml-2&quot;&gt;...&lt;/p&gt; is not clickable at point (1312, 44). Other element would receive the click: &lt;div class=&quot;Modal_modal_overlay__x2ZCr&quot;&gt;&lt;/div&gt;&#10;  (Session info: chrome=119.0.6045.106)&#10;Build info: version: &apos;4.11.0&apos;, revision: &apos;040bc5406b&apos;&#10;System info: os.name: &apos;Windows 11&apos;, os.arch: &apos;amd64&apos;, os.version: &apos;10.0&apos;, java.version: &apos;11.0.19&apos;&#10;Driver info: org.openqa.selenium.chrome.ChromeDriver&#10;Command: [28356c793ca37328f670542abccffc53, clickElement {id=1003082D224A7212FF461AA39A45DDEE_element_12}]&#10;Capabilities {acceptInsecureCerts: false, browserName: chrome, browserVersion: 119.0.6045.106, chrome: {chromedriverVersion: 119.0.6045.105 (38c72552c5e..., userDataDir: C:\Users\luvd8\AppData\Loca...}, fedcm:accounts: true, goog:chromeOptions: {debuggerAddress: localhost:19228}, networkConnectionEnabled: false, pageLoadStrategy: normal, platformName: windows, proxy: Proxy(), se:cdp: ws://localhost:19228/devtoo..., se:cdpVersion: 119.0.6045.106, setWindowRect: true, strictFileInteractability: false, timeouts: {implicit: 0, pageLoad: 300000, script: 30000}, unhandledPromptBehavior: dismiss and notify, webauthn:extension:credBlob: true, webauthn:extension:largeBlob: true, webauthn:extension:minPinLength: true, webauthn:extension:prf: true, webauthn:virtualAuthenticators: true}&#10;Element: [[ChromeDriver: chrome on windows (28356c793ca37328f670542abccffc53)] -&gt; xpath: .//a[@class=&apos;AppHeader_header__link__3D_hX&apos;]/p[text()= &apos;Личный Кабинет&apos;]]&#10;Session ID: 28356c793ca37328f670542abccffc53" type="org.openqa.selenium.ElementClickInterceptedException"><![CDATA[org.openqa.selenium.ElementClickInterceptedException: 
element click intercepted: Element <p class="AppHeader_header__linkText__3q_va ml-2">...</p> is not clickable at point (1312, 44). Other element would receive the click: <div class="Modal_modal_overlay__x2ZCr"></div>
  (Session info: chrome=119.0.6045.106)
Build info: version: '4.11.0', revision: '040bc5406b'
System info: os.name: 'Windows 11', os.arch: 'amd64', os.version: '10.0', java.version: '11.0.19'
Driver info: org.openqa.selenium.chrome.ChromeDriver
Command: [28356c793ca37328f670542abccffc53, clickElement {id=1003082D224A7212FF461AA39A45DDEE_element_12}]
Capabilities {acceptInsecureCerts: false, browserName: chrome, browserVersion: 119.0.6045.106, chrome: {chromedriverVersion: 119.0.6045.105 (38c72552c5e..., userDataDir: C:\Users\luvd8\AppData\Loca...}, fedcm:accounts: true, goog:chromeOptions: {debuggerAddress: localhost:19228}, networkConnectionEnabled: false, pageLoadStrategy: normal, platformName: windows, proxy: Proxy(), se:cdp: ws://localhost:19228/devtoo..., se:cdpVersion: 119.0.6045.106, setWindowRect: true, strictFileInteractability: false, timeouts: {implicit: 0, pageLoad: 300000, script: 30000}, unhandledPromptBehavior: dismiss and notify, webauthn:extension:credBlob: true, webauthn:extension:largeBlob: true, webauthn:extension:minPinLength: true, webauthn:extension:prf: true, webauthn:virtualAuthenticators: true}
Element: [[ChromeDriver: chrome on windows (28356c793ca37328f670542abccffc53)] -> xpath: .//a[@class='AppHeader_header__link__3D_hX']/p[text()= 'Личный Кабинет']]
Session ID: 28356c793ca37328f670542abccffc53
	at LoginTest.goToStellarBurger(LoginTest.java:74)
]]></error>
    <system-err><![CDATA[нояб. 05, 2023 9:56:41 PM org.openqa.selenium.devtools.CdpVersionFinder findNearestMatch
WARNING: Unable to find an exact match for CDP version 119, so returning the closest version found: 115
]]></system-err>
  </testcase>
  <testcase name="loginWithLogInAccountButton" classname="LoginTest" time="8.077"/>
</testsuite>